16:30:20 **** Incremental Build of configuration Debug for project gosleepnyx ****
ninja all 
[1/2] Building src/gosleepnyx.o
clang.exe: warning: -Wl,--hash-style=gnu: 'linker' input unused [-Wunused-command-line-argument]

In file included from ../src/gosleepnyx.c:1:

In file included from C:/Users/Donghan Park/workspace/gosleepnyx/inc\gosleepnyx.h:9:

C:/tizen-studio/tools/smart-build-interface/../../platforms/tizen-5.5/wearable/rootstraps/wearable-5.5-device.core/usr/include/sensor\sensor.h:773:90: warning: '__visibility__' attribute ignored [-Wignored-attributes]

typedef void (*sensor_event_cb)(sensor_h sensor, sensor_event_s *event, void *user_data) TIZEN_DEPRECATED_API;

                                                                                         ^

C:/tizen-studio/tools/smart-build-interface/../../platforms/tizen-5.5/wearable/rootstraps/wearable-5.5-device.core/usr/include\tizen.h:29:47: note: expanded from macro 'TIZEN_DEPRECATED_API'

#               define TIZEN_DEPRECATED_API __attribute__((__visibility__("default"), deprecated))

                                                           ^

../src/gosleepnyx.c:82:10: warning: 'sensor_listener_set_event_cb' is deprecated [-Wdeprecated-declarations]

        error = sensor_listener_set_event_cb(listener, min_interval, on_sensor_event, user_data);

                ^

C:/tizen-studio/tools/smart-build-interface/../../platforms/tizen-5.5/wearable/rootstraps/wearable-5.5-device.core/usr/include/sensor\sensor.h:910:5: note: 'sensor_listener_set_event_cb' has been explicitly marked deprecated here

int sensor_listener_set_event_cb(sensor_listener_h listener, unsigned int interval_ms, sensor_event_cb callback, void *data) TIZEN_DEPRECATED_API;

    ^

../src/gosleepnyx.c:123:10: warning: 'sensor_listener_read_data' is deprecated [-Wdeprecated-declarations]

        error = sensor_listener_read_data(listener, &event);

                ^

C:/tizen-studio/tools/smart-build-interface/../../platforms/tizen-5.5/wearable/rootstraps/wearable-5.5-device.core/usr/include/sensor\sensor.h:1024:5: note: 'sensor_listener_read_data' has been explicitly marked deprecated here

int sensor_listener_read_data(sensor_listener_h listener, sensor_event_s *event) TIZEN_DEPRECATED_API;

    ^

../src/gosleepnyx.c:138:34: warning: format string is not a string literal (potentially insecure) [-Wformat-security]

        dlog_print(DLOG_DEBUG, LOG_TAG, out);

                                        ^~~

../src/gosleepnyx.c:138:34: note: treat the string as an argument to avoid this

        dlog_print(DLOG_DEBUG, LOG_TAG, out);

                                        ^

                                        "%s", 

../src/gosleepnyx.c:215:17: warning: 'sensor_listener_unset_event_cb' is deprecated [-Wdeprecated-declarations]

    int error = sensor_listener_unset_event_cb(listener);

                ^

C:/tizen-studio/tools/smart-build-interface/../../platforms/tizen-5.5/wearable/rootstraps/wearable-5.5-device.core/usr/include/sensor\sensor.h:927:5: note: 'sensor_listener_unset_event_cb' has been explicitly marked deprecated here

int sensor_listener_unset_event_cb(sensor_listener_h listener) TIZEN_DEPRECATED_API;

    ^

5 warnings generated.

[2/2] Linking gosleepnyx
16:32:17 **** Incremental Build of configuration Debug for project gosleepnyx ****
ninja all 
ninja: no work to do.
16:37:17 **** Incremental Build of configuration Debug for project gosleepnyx ****
ninja all 
ninja: no work to do.
16:39:50 **** Incremental Build of configuration Debug for project gosleepnyx ****
ninja all 
ninja: no work to do.
16:40:31 **** Build of configuration Debug for project BasicUI ****
ninja all 
ninja: no work to do.
16:40:32 **** Incremental Build of configuration Debug for project gosleepnyx ****
ninja all 
ninja: no work to do.
